# JRE version: OpenJDK Runtime Environment (11.0.11+9) (build 11.0.11+9-b60-7590822)
# Java VM: OpenJDK 64-Bit Server VM (11.0.11+9-b60-7590822, mixed mode, tiered, compressed oops, g1 gc, windows-amd64)
Heap:
 garbage-first heap   total 187392K, used 159028K [0x0000000080000000, 0x0000000100000000)
  region size 1024K, 9 young (9216K), 3 survivors (3072K)
 Metaspace       used 102657K, capacity 105752K, committed 105928K, reserved 1140736K
  class space    used 13060K, capacity 14195K, committed 14208K, reserved 1048576K
GC Heap History (20 events):
Event: 33.329 GC heap before
{Heap before GC invocations=64 (full 0):
 garbage-first heap   total 187392K, used 159238K [0x0000000080000000, 0x0000000100000000)
  region size 1024K, 38 young (38912K), 1 survivors (1024K)
 Metaspace       used 95577K, capacity 98118K, committed 98504K, reserved 1134592K
  class space    used 12263K, capacity 13143K, committed 13184K, reserved 1048576K
}
Event: 33.331 GC heap after
{Heap after GC invocations=65 (full 0):
 garbage-first heap   total 187392K, used 119587K [0x0000000080000000, 0x0000000100000000)
  region size 1024K, 2 young (2048K), 2 survivors (2048K)
 Metaspace       used 95577K, capacity 98118K, committed 98504K, reserved 1134592K
  class space    used 12263K, capacity 13143K, committed 13184K, reserved 1048576K
}
Event: 40.578 GC heap before
{Heap before GC invocations=65 (full 0):
 garbage-first heap   total 187392K, used 158499K [0x0000000080000000, 0x0000000100000000)
  region size 1024K, 40 young (40960K), 2 survivors (2048K)
 Metaspace       used 97515K, capacity 100314K, committed 100424K, reserved 1136640K
  class space    used 12511K, capacity 13568K, committed 13568K, reserved 1048576K
}
Event: 40.585 GC heap after
{Heap after GC invocations=66 (full 0):
 garbage-first heap   total 187392K, used 121586K [0x0000000080000000, 0x0000000100000000)
  region size 1024K, 4 young (4096K), 4 survivors (4096K)
 Metaspace       used 97515K, capacity 100314K, committed 100424K, reserved 1136640K
  class space    used 12511K, capacity 13568K, committed 13568K, reserved 1048576K
}
Event: 1123.109 GC heap before
{Heap before GC invocations=67 (full 0):
 garbage-first heap   total 187392K, used 157740K [0x0000000080000000, 0x0000000100000000)
  region size 1024K, 41 young (41984K), 4 survivors (4096K)
 Metaspace       used 97992K, capacity 100818K, committed 101064K, reserved 1136640K
  class space    used 12534K, capacity 13591K, committed 13696K, reserved 1048576K
}
Event: 1123.118 GC heap after
{Heap after GC invocations=68 (full 0):
 garbage-first heap   total 187392K, used 122265K [0x0000000080000000, 0x0000000100000000)
  region size 1024K, 5 young (5120K), 5 survivors (5120K)
 Metaspace       used 97992K, capacity 100818K, committed 101064K, reserved 1136640K
  class space    used 12534K, capacity 13591K, committed 13696K, reserved 1048576K
}
Event: 1123.522 GC heap before
{Heap before GC invocations=68 (full 0):
 garbage-first heap   total 187392K, used 159129K [0x0000000080000000, 0x0000000100000000)
  region size 1024K, 42 young (43008K), 5 survivors (5120K)
 Metaspace       used 99208K, capacity 102201K, committed 102472K, reserved 1138688K
  class space    used 12664K, capacity 13738K, committed 13824K, reserved 1048576K
}
Event: 1123.538 GC heap after
{Heap after GC invocations=69 (full 0):
 garbage-first heap   total 187392K, used 125570K [0x0000000080000000, 0x0000000100000000)
  region size 1024K, 6 young (6144K), 6 survivors (6144K)
 Metaspace       used 99208K, capacity 102201K, committed 102472K, reserved 1138688K
  class space    used 12664K, capacity 13738K, committed 13824K, reserved 1048576K
}
Event: 1123.966 GC heap before
{Heap before GC invocations=70 (full 0):
 garbage-first heap   total 187392K, used 157314K [0x0000000080000000, 0x0000000100000000)
  region size 1024K, 39 young (39936K), 6 survivors (6144K)
 Metaspace       used 100411K, capacity 103467K, committed 103752K, reserved 1138688K
  class space    used 12865K, capacity 13975K, committed 14080K, reserved 1048576K
}
Event: 1123.974 GC heap after
{Heap after GC invocations=71 (full 0):
 garbage-first heap   total 187392K, used 127374K [0x0000000080000000, 0x0000000100000000)
  region size 1024K, 3 young (3072K), 3 survivors (3072K)
 Metaspace       used 100411K, capacity 103467K, committed 103752K, reserved 1138688K
  class space    used 12865K, capacity 13975K, committed 14080K, reserved 1048576K
}
Event: 1124.049 GC heap before
{Heap before GC invocations=71 (full 0):
 garbage-first heap   total 187392K, used 132494K [0x0000000080000000, 0x0000000100000000)
  region size 1024K, 9 young (9216K), 3 survivors (3072K)
 Metaspace       used 100501K, capacity 103618K, committed 103752K, reserved 1138688K
  class space    used 12865K, capacity 13975K, committed 14080K, reserved 1048576K
}
Event: 1124.056 GC heap after
{Heap after GC invocations=72 (full 0):
 garbage-first heap   total 187392K, used 123981K [0x0000000080000000, 0x0000000100000000)
  region size 1024K, 1 young (1024K), 1 survivors (1024K)
 Metaspace       used 100501K, capacity 103618K, committed 103752K, reserved 1138688K
  class space    used 12865K, capacity 13975K, committed 14080K, reserved 1048576K
}
Event: 1124.387 GC heap before
{Heap before GC invocations=72 (full 0):
 garbage-first heap   total 187392K, used 151629K [0x0000000080000000, 0x0000000100000000)
  region size 1024K, 30 young (30720K), 1 survivors (1024K)
 Metaspace       used 101384K, capacity 104505K, committed 104776K, reserved 1140736K
  class space    used 12932K, capacity 14056K, committed 14080K, reserved 1048576K
}
Event: 1124.391 GC heap after
{Heap after GC invocations=73 (full 0):
 garbage-first heap   total 187392K, used 125237K [0x0000000080000000, 0x0000000100000000)
  region size 1024K, 2 young (2048K), 2 survivors (2048K)
 Metaspace       used 101384K, capacity 104505K, committed 104776K, reserved 1140736K
  class space    used 12932K, capacity 14056K, committed 14080K, reserved 1048576K
}
Event: 1124.752 GC heap before
{Heap before GC invocations=74 (full 0):
 garbage-first heap   total 187392K, used 161077K [0x0000000080000000, 0x0000000100000000)
  region size 1024K, 36 young (36864K), 2 survivors (2048K)
 Metaspace       used 102431K, capacity 105551K, committed 105672K, reserved 1140736K
  class space    used 13043K, capacity 14192K, committed 14208K, reserved 1048576K
}
Event: 1124.768 GC heap after
{Heap after GC invocations=75 (full 0):
 garbage-first heap   total 187392K, used 141124K [0x0000000080000000, 0x0000000100000000)
  region size 1024K, 5 young (5120K), 5 survivors (5120K)
 Metaspace       used 102431K, capacity 105551K, committed 105672K, reserved 1140736K
  class space    used 13043K, capacity 14192K, committed 14208K, reserved 1048576K
}
Event: 1124.819 GC heap before
{Heap before GC invocations=75 (full 0):
 garbage-first heap   total 187392K, used 145220K [0x0000000080000000, 0x0000000100000000)
  region size 1024K, 9 young (9216K), 5 survivors (5120K)
 Metaspace       used 102548K, capacity 105615K, committed 105672K, reserved 1140736K
  class space    used 13055K, capacity 14192K, committed 14208K, reserved 1048576K
}
Event: 1124.827 GC heap after
{Heap after GC invocations=76 (full 0):
 garbage-first heap   total 187392K, used 142331K [0x0000000080000000, 0x0000000100000000)
  region size 1024K, 1 young (1024K), 1 survivors (1024K)
 Metaspace       used 102548K, capacity 105615K, committed 105672K, reserved 1140736K
  class space    used 13055K, capacity 14192K, committed 14208K, reserved 1048576K
}
Event: 1124.870 GC heap before
{Heap before GC invocations=76 (full 0):
 garbage-first heap   total 187392K, used 146427K [0x0000000080000000, 0x0000000100000000)
  region size 1024K, 7 young (7168K), 1 survivors (1024K)
 Metaspace       used 102607K, capacity 105679K, committed 105928K, reserved 1140736K
  class space    used 13056K, capacity 14192K, committed 14208K, reserved 1048576K
}
Event: 1124.875 GC heap after
{Heap after GC invocations=77 (full 0):
 garbage-first heap   total 187392K, used 145716K [0x0000000080000000, 0x0000000100000000)
  region size 1024K, 3 young (3072K), 3 survivors (3072K)
 Metaspace       used 102607K, capacity 105679K, committed 105928K, reserved 1140736K
  class space    used 13056K, capacity 14192K, committed 14208K, reserved 1048576K
}

